c:\users\tom\documents\lava2\lava\x64\debug\vc142.pdb
c:\users\tom\documents\lava2\lava\x64\debug\vc142.idb
c:\users\tom\documents\lava2\lava\x64\debug\main.obj
c:\users\tom\documents\lava2\lava\x64\debug\vcpkg.applocal.log
c:\users\tom\documents\lava2\lava\x64\debug\lava.pdb
c:\users\tom\documents\lava2\lava\x64\debug\lava.tlog\cl.command.1.tlog
c:\users\tom\documents\lava2\lava\x64\debug\lava.tlog\cl.read.1.tlog
c:\users\tom\documents\lava2\lava\x64\debug\lava.tlog\cl.write.1.tlog
c:\users\tom\documents\lava2\lava\x64\debug\lava.tlog\lava.write.1u.tlog
c:\users\tom\documents\lava2\lava\x64\debug\lava.tlog\link-cvtres.read.1.tlog
c:\users\tom\documents\lava2\lava\x64\debug\lava.tlog\link-cvtres.write.1.tlog
c:\users\tom\documents\lava2\lava\x64\debug\lava.tlog\link-rc.read.1.tlog
c:\users\tom\documents\lava2\lava\x64\debug\lava.tlog\link-rc.write.1.tlog
c:\users\tom\documents\lava2\lava\x64\debug\lava.tlog\link.11320-cvtres.read.1.tlog
c:\users\tom\documents\lava2\lava\x64\debug\lava.tlog\link.11320-cvtres.write.1.tlog
c:\users\tom\documents\lava2\lava\x64\debug\lava.tlog\link.11320-rc.read.1.tlog
c:\users\tom\documents\lava2\lava\x64\debug\lava.tlog\link.11320-rc.write.1.tlog
c:\users\tom\documents\lava2\lava\x64\debug\lava.tlog\link.11320.read.1.tlog
c:\users\tom\documents\lava2\lava\x64\debug\lava.tlog\link.11320.write.1.tlog
c:\users\tom\documents\lava2\lava\x64\debug\lava.tlog\link.command.1.tlog
c:\users\tom\documents\lava2\lava\x64\debug\lava.tlog\link.read.1.tlog
c:\users\tom\documents\lava2\lava\x64\debug\lava.tlog\link.write.1.tlog
